<?xml version="1.0" encoding="UTF-8"?>
<!-- Generated by org.testng.reporters.JUnitReportReporter -->
<testsuite hostname="DESKTOP-TA468OP" failures="0" tests="1" name="DatabaseTesting.user_accountTableDeleteDataTest" time="0.576" errors="0" timestamp="2024-03-20T19:04:18 EDT" skipped="0">
  <testcase classname="DatabaseTesting.user_accountTableDeleteDataTest" name="testDeleteOperation" time="0.576"/>
</testsuite> <!-- DatabaseTesting.user_accountTableDeleteDataTest -->
