<?xml version="1.0" encoding="UTF-8"?>
<!-- Generated by org.testng.reporters.JUnitReportReporter -->
<testsuite hostname="DESKTOP-TA468OP" failures="0" tests="1" name="DatabaseTesting.user_accountTableInsertDataTest" time="1.319" errors="0" timestamp="2024-03-20T19:03:04 EDT" skipped="0">
  <testcase classname="DatabaseTesting.user_accountTableInsertDataTest" name="testInsertion" time="1.319"/>
</testsuite> <!-- DatabaseTesting.user_accountTableInsertDataTest -->
