<?xml version="1.0" encoding="UTF-8"?>
<!-- Generated by org.testng.reporters.JUnitReportReporter -->
<testsuite hostname="DESKTOP-TA468OP" failures="0" tests="14" name="UITesting.AdminTests" time="117.532" errors="0" timestamp="2024-04-13T11:10:51 EDT" skipped="0">
  <testcase classname="UITesting.AdminTests" name="adminApproveDishTest" time="13.894"/>
  <testcase classname="UITesting.AdminTests" name="userRegistrationTest" time="3.070"/>
  <testcase classname="UITesting.AdminTests" name="adminViewDataforUnApprovedDishesTest" time="10.595"/>
  <testcase classname="UITesting.AdminTests" name="adminViewDataforActiveUserTest" time="10.597"/>
  <testcase classname="UITesting.AdminTests" name="adminViewUnApprovedDishesTest" time="8.510"/>
  <testcase classname="UITesting.AdminTests" name="adminViewApprovedDishesTest" time="8.642"/>
  <testcase classname="UITesting.AdminTests" name="adminViewDataforInactiveUserTest" time="10.662"/>
  <testcase classname="UITesting.AdminTests" name="forgotPasswordTest" time="4.486"/>
  <testcase classname="UITesting.AdminTests" name="userLoginTest" time="4.451"/>
  <testcase classname="UITesting.AdminTests" name="adminViewInactiveUsersTest" time="8.518"/>
  <testcase classname="UITesting.AdminTests" name="adminApproveUserTest" time="14.732"/>
  <testcase classname="UITesting.AdminTests" name="adminViewDataforApprovedDishesTest" time="10.732"/>
  <testcase classname="UITesting.AdminTests" name="uster" time="0.000"/>
  <testcase classname="UITesting.AdminTests" name="adminViewActiveUsersTest" time="8.643"/>
</testsuite> <!-- UITesting.AdminTests -->
