<?xml version="1.0" encoding="UTF-8"?>
<!-- Generated by org.testng.reporters.JUnitReportReporter -->
<testsuite hostname="DESKTOP-TA468OP" failures="0" tests="1" name="DatabaseTesting.user_accountTableRetrieveDataTest" time="0.302" errors="0" timestamp="2024-03-20T16:03:40 EDT" skipped="0">
  <testcase classname="DatabaseTesting.user_accountTableRetrieveDataTest" name="testRetrieveOperation" time="0.302"/>
</testsuite> <!-- DatabaseTesting.user_accountTableRetrieveDataTest -->
